<?xml version="1.0" encoding="UTF-8"?>
<testsuite xmlns:xsi="http://www.w3.org/2001/XMLSchema-instance" xsi:noNamespaceSchemaLocation="https://maven.apache.org/surefire/maven-surefire-plugin/xsd/surefire-test-report.xsd" name="TestSuite" time="6.841" tests="9" errors="0" skipped="0" failures="3">
  <properties>
    <property name="sun.desktop" value="windows"/>
    <property name="awt.toolkit" value="sun.awt.windows.WToolkit"/>
    <property name="java.specification.version" value="11"/>
    <property name="sun.cpu.isalist" value="amd64"/>
    <property name="sun.jnu.encoding" value="Cp1252"/>
    <property name="java.class.path" value="C:\Users\prudh\RestAssured\APITestingFramework\target\test-classes;C:\Users\prudh\RestAssured\APITestingFramework\target\classes;C:\Users\prudh\.m2\repository\io\rest-assured\rest-assured\4.3.3\rest-assured-4.3.3.jar;C:\Users\prudh\.m2\repository\org\codehaus\groovy\groovy\3.0.7\groovy-3.0.7.jar;C:\Users\prudh\.m2\repository\org\codehaus\groovy\groovy-xml\3.0.7\groovy-xml-3.0.7.jar;C:\Users\prudh\.m2\repository\org\apache\httpcomponents\httpclient\4.5.3\httpclient-4.5.3.jar;C:\Users\prudh\.m2\repository\org\apache\httpcomponents\httpcore\4.4.6\httpcore-4.4.6.jar;C:\Users\prudh\.m2\repository\commons-logging\commons-logging\1.2\commons-logging-1.2.jar;C:\Users\prudh\.m2\repository\org\apache\httpcomponents\httpmime\4.5.3\httpmime-4.5.3.jar;C:\Users\prudh\.m2\repository\org\hamcrest\hamcrest\2.1\hamcrest-2.1.jar;C:\Users\prudh\.m2\repository\org\ccil\cowan\tagsoup\tagsoup\1.2.1\tagsoup-1.2.1.jar;C:\Users\prudh\.m2\repository\io\rest-assured\json-path\4.3.3\json-path-4.3.3.jar;C:\Users\prudh\.m2\repository\org\codehaus\groovy\groovy-json\3.0.7\groovy-json-3.0.7.jar;C:\Users\prudh\.m2\repository\io\rest-assured\rest-assured-common\4.3.3\rest-assured-common-4.3.3.jar;C:\Users\prudh\.m2\repository\io\rest-assured\xml-path\4.3.3\xml-path-4.3.3.jar;C:\Users\prudh\.m2\repository\org\apache\commons\commons-lang3\3.11\commons-lang3-3.11.jar;C:\Users\prudh\.m2\repository\jakarta\xml\bind\jakarta.xml.bind-api\2.3.3\jakarta.xml.bind-api-2.3.3.jar;C:\Users\prudh\.m2\repository\jakarta\activation\jakarta.activation-api\1.2.2\jakarta.activation-api-1.2.2.jar;C:\Users\prudh\.m2\repository\com\sun\xml\bind\jaxb-impl\2.3.3\jaxb-impl-2.3.3.jar;C:\Users\prudh\.m2\repository\javax\mail\javax.mail-api\1.6.2\javax.mail-api-1.6.2.jar;C:\Users\prudh\.m2\repository\org\testng\testng\7.3.0\testng-7.3.0.jar;C:\Users\prudh\.m2\repository\com\beust\jcommander\1.78\jcommander-1.78.jar;C:\Users\prudh\.m2\repository\org\apache\ant\ant\1.10.3\ant-1.10.3.jar;C:\Users\prudh\.m2\repository\org\apache\ant\ant-launcher\1.10.3\ant-launcher-1.10.3.jar;C:\Users\prudh\.m2\repository\junit\junit\4.12\junit-4.12.jar;C:\Users\prudh\.m2\repository\org\hamcrest\hamcrest-core\1.3\hamcrest-core-1.3.jar;C:\Users\prudh\.m2\repository\com\google\inject\guice\4.2.2\guice-4.2.2-no_aop.jar;C:\Users\prudh\.m2\repository\javax\inject\javax.inject\1\javax.inject-1.jar;C:\Users\prudh\.m2\repository\aopalliance\aopalliance\1.0\aopalliance-1.0.jar;C:\Users\prudh\.m2\repository\com\google\guava\guava\25.1-android\guava-25.1-android.jar;C:\Users\prudh\.m2\repository\com\google\code\findbugs\jsr305\3.0.2\jsr305-3.0.2.jar;C:\Users\prudh\.m2\repository\org\checkerframework\checker-compat-qual\2.0.0\checker-compat-qual-2.0.0.jar;C:\Users\prudh\.m2\repository\com\google\errorprone\error_prone_annotations\2.1.3\error_prone_annotations-2.1.3.jar;C:\Users\prudh\.m2\repository\com\google\j2objc\j2objc-annotations\1.1\j2objc-annotations-1.1.jar;C:\Users\prudh\.m2\repository\org\codehaus\mojo\animal-sniffer-annotations\1.14\animal-sniffer-annotations-1.14.jar;C:\Users\prudh\.m2\repository\org\yaml\snakeyaml\1.21\snakeyaml-1.21.jar;C:\Users\prudh\.m2\repository\org\json\json\20201115\json-20201115.jar;C:\Users\prudh\.m2\repository\com\fasterxml\jackson\core\jackson-databind\2.12.0\jackson-databind-2.12.0.jar;C:\Users\prudh\.m2\repository\com\fasterxml\jackson\core\jackson-annotations\2.12.0\jackson-annotations-2.12.0.jar;C:\Users\prudh\.m2\repository\com\fasterxml\jackson\core\jackson-core\2.12.0\jackson-core-2.12.0.jar;C:\Users\prudh\.m2\repository\org\apache\poi\poi\4.1.2\poi-4.1.2.jar;C:\Users\prudh\.m2\repository\commons-codec\commons-codec\1.13\commons-codec-1.13.jar;C:\Users\prudh\.m2\repository\org\apache\commons\commons-collections4\4.4\commons-collections4-4.4.jar;C:\Users\prudh\.m2\repository\org\apache\commons\commons-math3\3.6.1\commons-math3-3.6.1.jar;C:\Users\prudh\.m2\repository\com\zaxxer\SparseBitSet\1.2\SparseBitSet-1.2.jar;C:\Users\prudh\.m2\repository\org\apache\poi\poi-ooxml\4.1.2\poi-ooxml-4.1.2.jar;C:\Users\prudh\.m2\repository\org\apache\poi\poi-ooxml-schemas\4.1.2\poi-ooxml-schemas-4.1.2.jar;C:\Users\prudh\.m2\repository\org\apache\xmlbeans\xmlbeans\3.1.0\xmlbeans-3.1.0.jar;C:\Users\prudh\.m2\repository\org\apache\commons\commons-compress\1.19\commons-compress-1.19.jar;C:\Users\prudh\.m2\repository\com\github\virtuald\curvesapi\1.06\curvesapi-1.06.jar;C:\Users\prudh\.m2\repository\com\aventstack\extentreports\4.0.9\extentreports-4.0.9.jar;C:\Users\prudh\.m2\repository\org\freemarker\freemarker\2.3.23\freemarker-2.3.23.jar;C:\Users\prudh\.m2\repository\org\mongodb\mongodb-driver\3.3.0\mongodb-driver-3.3.0.jar;C:\Users\prudh\.m2\repository\org\mongodb\mongodb-driver-core\3.3.0\mongodb-driver-core-3.3.0.jar;C:\Users\prudh\.m2\repository\org\mongodb\bson\3.3.0\bson-3.3.0.jar;C:\Users\prudh\.m2\repository\com\google\code\gson\gson\2.8.5\gson-2.8.5.jar;C:\Users\prudh\.m2\repository\org\apache\maven\surefire\surefire-testng-utils\2.22.0\surefire-testng-utils-2.22.0.jar;C:\Users\prudh\.m2\repository\org\apache\maven\surefire\surefire-grouper\2.22.0\surefire-grouper-2.22.0.jar;"/>
    <property name="java.vm.vendor" value="Oracle Corporation"/>
    <property name="sun.arch.data.model" value="64"/>
    <property name="user.variant" value=""/>
    <property name="java.vendor.url" value="https://openjdk.java.net/"/>
    <property name="user.timezone" value="Asia/Calcutta"/>
    <property name="java.vm.specification.version" value="11"/>
    <property name="os.name" value="Windows 10"/>
    <property name="sun.java.launcher" value="SUN_STANDARD"/>
    <property name="user.country" value="IN"/>
    <property name="sun.boot.library.path" value="C:\Program Files\Java\jdk-11.0.9\bin"/>
    <property name="sun.java.command" value="C:\Users\prudh\AppData\Local\Temp\surefire6968957550218579586\surefirebooter3581970487284283185.jar C:\Users\prudh\AppData\Local\Temp\surefire6968957550218579586 2021-01-04T11-20-07_781-jvmRun1 surefire14930258107232680104tmp surefire_08797746772481666367tmp"/>
    <property name="jdk.debug" value="release"/>
    <property name="surefire.test.class.path" value="C:\Users\prudh\RestAssured\APITestingFramework\target\test-classes;C:\Users\prudh\RestAssured\APITestingFramework\target\classes;C:\Users\prudh\.m2\repository\io\rest-assured\rest-assured\4.3.3\rest-assured-4.3.3.jar;C:\Users\prudh\.m2\repository\org\codehaus\groovy\groovy\3.0.7\groovy-3.0.7.jar;C:\Users\prudh\.m2\repository\org\codehaus\groovy\groovy-xml\3.0.7\groovy-xml-3.0.7.jar;C:\Users\prudh\.m2\repository\org\apache\httpcomponents\httpclient\4.5.3\httpclient-4.5.3.jar;C:\Users\prudh\.m2\repository\org\apache\httpcomponents\httpcore\4.4.6\httpcore-4.4.6.jar;C:\Users\prudh\.m2\repository\commons-logging\commons-logging\1.2\commons-logging-1.2.jar;C:\Users\prudh\.m2\repository\org\apache\httpcomponents\httpmime\4.5.3\httpmime-4.5.3.jar;C:\Users\prudh\.m2\repository\org\hamcrest\hamcrest\2.1\hamcrest-2.1.jar;C:\Users\prudh\.m2\repository\org\ccil\cowan\tagsoup\tagsoup\1.2.1\tagsoup-1.2.1.jar;C:\Users\prudh\.m2\repository\io\rest-assured\json-path\4.3.3\json-path-4.3.3.jar;C:\Users\prudh\.m2\repository\org\codehaus\groovy\groovy-json\3.0.7\groovy-json-3.0.7.jar;C:\Users\prudh\.m2\repository\io\rest-assured\rest-assured-common\4.3.3\rest-assured-common-4.3.3.jar;C:\Users\prudh\.m2\repository\io\rest-assured\xml-path\4.3.3\xml-path-4.3.3.jar;C:\Users\prudh\.m2\repository\org\apache\commons\commons-lang3\3.11\commons-lang3-3.11.jar;C:\Users\prudh\.m2\repository\jakarta\xml\bind\jakarta.xml.bind-api\2.3.3\jakarta.xml.bind-api-2.3.3.jar;C:\Users\prudh\.m2\repository\jakarta\activation\jakarta.activation-api\1.2.2\jakarta.activation-api-1.2.2.jar;C:\Users\prudh\.m2\repository\com\sun\xml\bind\jaxb-impl\2.3.3\jaxb-impl-2.3.3.jar;C:\Users\prudh\.m2\repository\javax\mail\javax.mail-api\1.6.2\javax.mail-api-1.6.2.jar;C:\Users\prudh\.m2\repository\org\testng\testng\7.3.0\testng-7.3.0.jar;C:\Users\prudh\.m2\repository\com\beust\jcommander\1.78\jcommander-1.78.jar;C:\Users\prudh\.m2\repository\org\apache\ant\ant\1.10.3\ant-1.10.3.jar;C:\Users\prudh\.m2\repository\org\apache\ant\ant-launcher\1.10.3\ant-launcher-1.10.3.jar;C:\Users\prudh\.m2\repository\junit\junit\4.12\junit-4.12.jar;C:\Users\prudh\.m2\repository\org\hamcrest\hamcrest-core\1.3\hamcrest-core-1.3.jar;C:\Users\prudh\.m2\repository\com\google\inject\guice\4.2.2\guice-4.2.2-no_aop.jar;C:\Users\prudh\.m2\repository\javax\inject\javax.inject\1\javax.inject-1.jar;C:\Users\prudh\.m2\repository\aopalliance\aopalliance\1.0\aopalliance-1.0.jar;C:\Users\prudh\.m2\repository\com\google\guava\guava\25.1-android\guava-25.1-android.jar;C:\Users\prudh\.m2\repository\com\google\code\findbugs\jsr305\3.0.2\jsr305-3.0.2.jar;C:\Users\prudh\.m2\repository\org\checkerframework\checker-compat-qual\2.0.0\checker-compat-qual-2.0.0.jar;C:\Users\prudh\.m2\repository\com\google\errorprone\error_prone_annotations\2.1.3\error_prone_annotations-2.1.3.jar;C:\Users\prudh\.m2\repository\com\google\j2objc\j2objc-annotations\1.1\j2objc-annotations-1.1.jar;C:\Users\prudh\.m2\repository\org\codehaus\mojo\animal-sniffer-annotations\1.14\animal-sniffer-annotations-1.14.jar;C:\Users\prudh\.m2\repository\org\yaml\snakeyaml\1.21\snakeyaml-1.21.jar;C:\Users\prudh\.m2\repository\org\json\json\20201115\json-20201115.jar;C:\Users\prudh\.m2\repository\com\fasterxml\jackson\core\jackson-databind\2.12.0\jackson-databind-2.12.0.jar;C:\Users\prudh\.m2\repository\com\fasterxml\jackson\core\jackson-annotations\2.12.0\jackson-annotations-2.12.0.jar;C:\Users\prudh\.m2\repository\com\fasterxml\jackson\core\jackson-core\2.12.0\jackson-core-2.12.0.jar;C:\Users\prudh\.m2\repository\org\apache\poi\poi\4.1.2\poi-4.1.2.jar;C:\Users\prudh\.m2\repository\commons-codec\commons-codec\1.13\commons-codec-1.13.jar;C:\Users\prudh\.m2\repository\org\apache\commons\commons-collections4\4.4\commons-collections4-4.4.jar;C:\Users\prudh\.m2\repository\org\apache\commons\commons-math3\3.6.1\commons-math3-3.6.1.jar;C:\Users\prudh\.m2\repository\com\zaxxer\SparseBitSet\1.2\SparseBitSet-1.2.jar;C:\Users\prudh\.m2\repository\org\apache\poi\poi-ooxml\4.1.2\poi-ooxml-4.1.2.jar;C:\Users\prudh\.m2\repository\org\apache\poi\poi-ooxml-schemas\4.1.2\poi-ooxml-schemas-4.1.2.jar;C:\Users\prudh\.m2\repository\org\apache\xmlbeans\xmlbeans\3.1.0\xmlbeans-3.1.0.jar;C:\Users\prudh\.m2\repository\org\apache\commons\commons-compress\1.19\commons-compress-1.19.jar;C:\Users\prudh\.m2\repository\com\github\virtuald\curvesapi\1.06\curvesapi-1.06.jar;C:\Users\prudh\.m2\repository\com\aventstack\extentreports\4.0.9\extentreports-4.0.9.jar;C:\Users\prudh\.m2\repository\org\freemarker\freemarker\2.3.23\freemarker-2.3.23.jar;C:\Users\prudh\.m2\repository\org\mongodb\mongodb-driver\3.3.0\mongodb-driver-3.3.0.jar;C:\Users\prudh\.m2\repository\org\mongodb\mongodb-driver-core\3.3.0\mongodb-driver-core-3.3.0.jar;C:\Users\prudh\.m2\repository\org\mongodb\bson\3.3.0\bson-3.3.0.jar;C:\Users\prudh\.m2\repository\com\google\code\gson\gson\2.8.5\gson-2.8.5.jar;C:\Users\prudh\.m2\repository\org\apache\maven\surefire\surefire-testng-utils\2.22.0\surefire-testng-utils-2.22.0.jar;C:\Users\prudh\.m2\repository\org\apache\maven\surefire\surefire-grouper\2.22.0\surefire-grouper-2.22.0.jar;"/>
    <property name="sun.cpu.endian" value="little"/>
    <property name="user.home" value="C:\Users\prudh"/>
    <property name="user.language" value="en"/>
    <property name="java.specification.vendor" value="Oracle Corporation"/>
    <property name="java.version.date" value="2020-10-20"/>
    <property name="java.home" value="C:\Program Files\Java\jdk-11.0.9"/>
    <property name="file.separator" value="\"/>
    <property name="basedir" value="C:\Users\prudh\RestAssured\APITestingFramework"/>
    <property name="java.vm.compressedOopsMode" value="32-bit"/>
    <property name="line.separator" value="&#10;"/>
    <property name="java.specification.name" value="Java Platform API Specification"/>
    <property name="java.vm.specification.vendor" value="Oracle Corporation"/>
    <property name="java.awt.graphicsenv" value="sun.awt.Win32GraphicsEnvironment"/>
    <property name="surefire.real.class.path" value="C:\Users\prudh\AppData\Local\Temp\surefire6968957550218579586\surefirebooter3581970487284283185.jar"/>
    <property name="user.script" value=""/>
    <property name="sun.management.compiler" value="HotSpot 64-Bit Tiered Compilers"/>
    <property name="java.runtime.version" value="11.0.9+7-LTS"/>
    <property name="user.name" value="prudh"/>
    <property name="path.separator" value=";"/>
    <property name="os.version" value="10.0"/>
    <property name="java.runtime.name" value="Java(TM) SE Runtime Environment"/>
    <property name="file.encoding" value="Cp1252"/>
    <property name="java.vm.name" value="Java HotSpot(TM) 64-Bit Server VM"/>
    <property name="java.vendor.version" value="18.9"/>
    <property name="localRepository" value="C:\Users\prudh\.m2\repository"/>
    <property name="java.vendor.url.bug" value="https://bugreport.java.com/bugreport/"/>
    <property name="java.io.tmpdir" value="C:\Users\prudh\AppData\Local\Temp\"/>
    <property name="java.version" value="11.0.9"/>
    <property name="user.dir" value="C:\Users\prudh\RestAssured\APITestingFramework"/>
    <property name="os.arch" value="amd64"/>
    <property name="java.vm.specification.name" value="Java Virtual Machine Specification"/>
    <property name="java.awt.printerjob" value="sun.awt.windows.WPrinterJob"/>
    <property name="sun.os.patch.level" value=""/>
    <property name="java.library.path" value="C:\Program Files\Java\jdk-11.0.9\bin;C:\Windows\Sun\Java\bin;C:\Windows\system32;C:\Windows;D:\apache-maven-3.6.3-bin (2)\apache-maven-3.6.3/bin;C:\Program Files\Java\jdk-11.0.9/bin;C:\Program Files\Java\jdk-11.0.9/bin;C:\Windows\system32;C:\Windows;C:\Windows\System32\Wbem;C:\Windows\System32\WindowsPowerShell\v1.0\;C:\Windows\System32\OpenSSH\;C:\Program Files\Notepad++;C:\Program Files\Java\jdk-11.0.9\bin;C:\Program Files\nodejs\;C:\Program Files\Git\cmd;D:\apache-maven-3.6.3-bin (2)\apache-maven-3.6.3\bin;C:\Program Files\MySQL\MySQL Shell 8.0\bin\;C:\Users\prudh\AppData\Local\Microsoft\WindowsApps;;C:\Program Files\Azure Data Studio\bin;C:\Users\prudh\AppData\Roaming\npm;C:\Program Files\Azure Data Studio\bin;."/>
    <property name="java.vendor" value="Oracle Corporation"/>
    <property name="java.vm.info" value="mixed mode"/>
    <property name="java.vm.version" value="11.0.9+7-LTS"/>
    <property name="sun.io.unicode.encoding" value="UnicodeLittle"/>
    <property name="java.class.version" value="55.0"/>
  </properties>
  <testcase name="InValidCustomerAPIWithVSK" classname="com.w2a.APITestingFramework.testcases.CreateCustomerTest" time="2.16"/>
  <testcase name="InValidCustomerAPIWithVSK" classname="com.w2a.APITestingFramework.testcases.CreateCustomerTest" time="2.161"/>
  <testcase name="validateCustomerAPIWithVSK" classname="com.w2a.APITestingFramework.testcases.CreateCustomerTest" time="0.827"/>
  <testcase name="validateCustomerAPIWithVSK" classname="com.w2a.APITestingFramework.testcases.CreateCustomerTest" time="0.828"/>
  <testcase name="validateCustomerAPIWithVSK" classname="com.w2a.APITestingFramework.testcases.CreateCustomerTest" time="0.828"/>
  <testcase name="validateCustomerAPIWithVSK" classname="com.w2a.APITestingFramework.testcases.CreateCustomerTest" time="0.828"/>
  <testcase name="deleteCustomer" classname="com.w2a.APITestingFramework.testcases.DeleteCustomerTest" time="1.079">
    <failure message="expected [200] but found [404]" type="java.lang.AssertionError">java.lang.AssertionError: expected [200] but found [404]
	at com.w2a.APITestingFramework.testcases.DeleteCustomerTest.deleteCustomer(DeleteCustomerTest.java:35)
</failure>
    <system-out><![CDATA[Total rows are : 17
Test name is : deleteCustomer
Test case starts from row num: 13
Total rows of data are : 3
Total cols are : 1
{
    "error": {
        "code": "resource_missing",
        "doc_url": "https://stripe.com/docs/error-codes/resource-missing",
        "message": "No such customer: 'cus_Igwg4CPswT3Tmx'",
        "param": "id",
        "type": "invalid_request_error"
    }
}
{
    "error": {
        "code": "resource_missing",
        "doc_url": "https://stripe.com/docs/error-codes/resource-missing",
        "message": "No such customer: 'cus_IgwgJFdRPGqaaq'",
        "param": "id",
        "type": "invalid_request_error"
    }
}
{
    "error": {
        "code": "resource_missing",
        "doc_url": "https://stripe.com/docs/error-codes/resource-missing",
        "message": "No such customer: 'cus_IgwguPTDdeGnd6'",
        "param": "id",
        "type": "invalid_request_error"
    }
}
404
404
404
]]></system-out>
  </testcase>
  <testcase name="deleteCustomer" classname="com.w2a.APITestingFramework.testcases.DeleteCustomerTest" time="1.079">
    <failure message="expected [200] but found [404]" type="java.lang.AssertionError">java.lang.AssertionError: expected [200] but found [404]
	at com.w2a.APITestingFramework.testcases.DeleteCustomerTest.deleteCustomer(DeleteCustomerTest.java:35)
</failure>
  </testcase>
  <testcase name="deleteCustomer" classname="com.w2a.APITestingFramework.testcases.DeleteCustomerTest" time="1.079">
    <failure message="expected [200] but found [404]" type="java.lang.AssertionError">java.lang.AssertionError: expected [200] but found [404]
	at com.w2a.APITestingFramework.testcases.DeleteCustomerTest.deleteCustomer(DeleteCustomerTest.java:35)
</failure>
  </testcase>
</testsuite>