<?xml version="1.0" encoding="UTF-8"?>
<!-- Generated by org.testng.reporters.JUnitReportReporter -->
<testsuite hostname="LAPTOP-JBLC0VFG" failures="0" tests="6" name="com.w2a.APITestingFramework.testcases.CreateCustomerTest" time="7.146" errors="0" timestamp="2021-01-04T08:18:27 IST" skipped="0">
  <testcase classname="com.w2a.APITestingFramework.testcases.CreateCustomerTest" name="InValidCustomerAPIWithVSK" time="2.084"/>
  <system-out/>
  <testcase classname="com.w2a.APITestingFramework.testcases.CreateCustomerTest" name="InValidCustomerAPIWithVSK" time="2.084"/>
  <system-out/>
  <testcase classname="com.w2a.APITestingFramework.testcases.CreateCustomerTest" name="validateCustomerAPIWithVSK" time="0.736"/>
  <system-out/>
  <testcase classname="com.w2a.APITestingFramework.testcases.CreateCustomerTest" name="validateCustomerAPIWithVSK" time="0.744"/>
  <system-out/>
  <testcase classname="com.w2a.APITestingFramework.testcases.CreateCustomerTest" name="validateCustomerAPIWithVSK" time="0.749"/>
  <system-out/>
  <testcase classname="com.w2a.APITestingFramework.testcases.CreateCustomerTest" name="validateCustomerAPIWithVSK" time="0.749"/>
  <system-out/>
</testsuite> <!-- com.w2a.APITestingFramework.testcases.CreateCustomerTest -->
