<?xml version="1.0" encoding="UTF-8"?>
<!-- Generated by org.testng.reporters.JUnitReportReporter -->
<testsuite hostname="LAPTOP-JBLC0VFG" failures="0" tests="6" name="com.w2a.APITestingFramework.testcases.CreateCustomerTest" time="7.624" errors="0" timestamp="2021-01-04T11:20:16 IST" skipped="0">
  <testcase classname="com.w2a.APITestingFramework.testcases.CreateCustomerTest" name="InValidCustomerAPIWithVSK" time="2.158"/>
  <system-out/>
  <testcase classname="com.w2a.APITestingFramework.testcases.CreateCustomerTest" name="validateCustomerAPIWithVSK" time="0.829"/>
  <system-out/>
  <testcase classname="com.w2a.APITestingFramework.testcases.CreateCustomerTest" name="validateCustomerAPIWithVSK" time="0.827"/>
  <system-out/>
  <testcase classname="com.w2a.APITestingFramework.testcases.CreateCustomerTest" name="InValidCustomerAPIWithVSK" time="2.158"/>
  <system-out/>
  <testcase classname="com.w2a.APITestingFramework.testcases.CreateCustomerTest" name="validateCustomerAPIWithVSK" time="0.826"/>
  <system-out/>
  <testcase classname="com.w2a.APITestingFramework.testcases.CreateCustomerTest" name="validateCustomerAPIWithVSK" time="0.826"/>
  <system-out/>
</testsuite> <!-- com.w2a.APITestingFramework.testcases.CreateCustomerTest -->
